# JRE version: Java(TM) SE Runtime Environment (11.0.1+13) (build 11.0.1+13-LTS)
# Java VM: Java HotSpot(TM) 64-Bit Server VM (11.0.1+13-LTS, mixed mode, tiered, compressed oops, g1 gc, windows-amd64)
Heap:
 garbage-first heap   total 118784K, used 30956K [0x00000000e0000000, 0x0000000100000000)
  region size 1024K, 11 young (11264K), 6 survivors (6144K)
 Metaspace       used 29064K, capacity 29684K, committed 29824K, reserved 280576K
  class space    used 3645K, capacity 3844K, committed 3968K, reserved 253952K
GC Heap History (10 events):
Event: 1.403 GC heap before
{Heap before GC invocations=1 (full 0):
 garbage-first heap   total 118784K, used 17327K [0x00000000e0000000, 0x0000000100000000)
  region size 1024K, 12 young (12288K), 2 survivors (2048K)
 Metaspace       used 10609K, capacity 10916K, committed 11008K, reserved 264192K
  class space    used 1113K, capacity 1193K, committed 1280K, reserved 253952K
}
Event: 1.409 GC heap after
{Heap after GC invocations=2 (full 0):
 garbage-first heap   total 118784K, used 7620K [0x00000000e0000000, 0x0000000100000000)
  region size 1024K, 1 young (1024K), 1 survivors (1024K)
 Metaspace       used 10609K, capacity 10916K, committed 11008K, reserved 264192K
  class space    used 1113K, capacity 1193K, committed 1280K, reserved 253952K
}
Event: 2.151 GC heap before
{Heap before GC invocations=2 (full 0):
 garbage-first heap   total 118784K, used 34244K [0x00000000e0000000, 0x0000000100000000)
  region size 1024K, 28 young (28672K), 1 survivors (1024K)
 Metaspace       used 12634K, capacity 12985K, committed 13056K, reserved 266240K
  class space    used 1387K, capacity 1480K, committed 1536K, reserved 253952K
}
Event: 2.162 GC heap after
{Heap after GC invocations=3 (full 0):
 garbage-first heap   total 118784K, used 12378K [0x00000000e0000000, 0x0000000100000000)
  region size 1024K, 4 young (4096K), 4 survivors (4096K)
 Metaspace       used 12634K, capacity 12985K, committed 13056K, reserved 266240K
  class space    used 1387K, capacity 1480K, committed 1536K, reserved 253952K
}
Event: 4.200 GC heap before
{Heap before GC invocations=3 (full 0):
 garbage-first heap   total 118784K, used 56410K [0x00000000e0000000, 0x0000000100000000)
  region size 1024K, 47 young (48128K), 4 survivors (4096K)
 Metaspace       used 20610K, capacity 21106K, committed 21248K, reserved 272384K
  class space    used 2587K, capacity 2749K, committed 2816K, reserved 253952K
}
Event: 4.231 GC heap after
{Heap after GC invocations=4 (full 0):
 garbage-first heap   total 118784K, used 15275K [0x00000000e0000000, 0x0000000100000000)
  region size 1024K, 3 young (3072K), 3 survivors (3072K)
 Metaspace       used 20610K, capacity 21106K, committed 21248K, reserved 272384K
  class space    used 2587K, capacity 2749K, committed 2816K, reserved 253952K
}
Event: 4.302 GC heap before
{Heap before GC invocations=4 (full 0):
 garbage-first heap   total 118784K, used 16299K [0x00000000e0000000, 0x0000000100000000)
  region size 1024K, 5 young (5120K), 3 survivors (3072K)
 Metaspace       used 20758K, capacity 21202K, committed 21248K, reserved 272384K
  class space    used 2610K, capacity 2781K, committed 2816K, reserved 253952K
}
Event: 4.312 GC heap after
{Heap after GC invocations=5 (full 0):
 garbage-first heap   total 118784K, used 15385K [0x00000000e0000000, 0x0000000100000000)
  region size 1024K, 3 young (3072K), 3 survivors (3072K)
 Metaspace       used 20758K, capacity 21202K, committed 21248K, reserved 272384K
  class space    used 2610K, capacity 2781K, committed 2816K, reserved 253952K
}
Event: 6.742 GC heap before
{Heap before GC invocations=6 (full 0):
 garbage-first heap   total 118784K, used 71705K [0x00000000e0000000, 0x0000000100000000)
  region size 1024K, 50 young (51200K), 3 survivors (3072K)
 Metaspace       used 28245K, capacity 28860K, committed 29184K, reserved 280576K
  class space    used 3567K, capacity 3741K, committed 3840K, reserved 253952K
}
Event: 6.757 GC heap after
{Heap after GC invocations=7 (full 0):
 garbage-first heap   total 118784K, used 26860K [0x00000000e0000000, 0x0000000100000000)
  region size 1024K, 6 young (6144K), 6 survivors (6144K)
 Metaspace       used 28245K, capacity 28860K, committed 29184K, reserved 280576K
  class space    used 3567K, capacity 3741K, committed 3840K, reserved 253952K
}

