# JRE version: Java(TM) SE Runtime Environment (11.0.1+13) (build 11.0.1+13-LTS)
# Java VM: Java HotSpot(TM) 64-Bit Server VM (11.0.1+13-LTS, mixed mode, tiered, compressed oops, g1 gc, windows-amd64)
Heap:
 garbage-first heap   total 118784K, used 34998K [0x00000000e0000000, 0x0000000100000000)
  region size 1024K, 15 young (15360K), 6 survivors (6144K)
 Metaspace       used 29705K, capacity 30327K, committed 30592K, reserved 280576K
  class space    used 3716K, capacity 3909K, committed 3968K, reserved 253952K
GC Heap History (10 events):
Event: 1.693 GC heap before
{Heap before GC invocations=0 (full 0):
 garbage-first heap   total 118784K, used 16384K [0x00000000e0000000, 0x0000000100000000)
  region size 1024K, 14 young (14336K), 0 survivors (0K)
 Metaspace       used 9558K, capacity 9838K, committed 10112K, reserved 264192K
  class space    used 972K, capacity 1026K, committed 1152K, reserved 253952K
}
Event: 1.702 GC heap after
{Heap after GC invocations=1 (full 0):
 garbage-first heap   total 118784K, used 7241K [0x00000000e0000000, 0x0000000100000000)
  region size 1024K, 2 young (2048K), 2 survivors (2048K)
 Metaspace       used 9558K, capacity 9838K, committed 10112K, reserved 264192K
  class space    used 972K, capacity 1026K, committed 1152K, reserved 253952K
}
Event: 2.095 GC heap before
{Heap before GC invocations=1 (full 0):
 garbage-first heap   total 118784K, used 18505K [0x00000000e0000000, 0x0000000100000000)
  region size 1024K, 13 young (13312K), 2 survivors (2048K)
 Metaspace       used 10615K, capacity 10916K, committed 11008K, reserved 264192K
  class space    used 1115K, capacity 1193K, committed 1280K, reserved 253952K
}
Event: 2.101 GC heap after
{Heap after GC invocations=2 (full 0):
 garbage-first heap   total 118784K, used 7719K [0x00000000e0000000, 0x0000000100000000)
  region size 1024K, 1 young (1024K), 1 survivors (1024K)
 Metaspace       used 10615K, capacity 10916K, committed 11008K, reserved 264192K
  class space    used 1115K, capacity 1193K, committed 1280K, reserved 253952K
}
Event: 3.116 GC heap before
{Heap before GC invocations=2 (full 0):
 garbage-first heap   total 118784K, used 40487K [0x00000000e0000000, 0x0000000100000000)
  region size 1024K, 33 young (33792K), 1 survivors (1024K)
 Metaspace       used 13872K, capacity 14206K, committed 14336K, reserved 268288K
  class space    used 1589K, capacity 1676K, committed 1792K, reserved 253952K
}
Event: 3.125 GC heap after
{Heap after GC invocations=3 (full 0):
 garbage-first heap   total 118784K, used 12766K [0x00000000e0000000, 0x0000000100000000)
  region size 1024K, 5 young (5120K), 5 survivors (5120K)
 Metaspace       used 13872K, capacity 14206K, committed 14336K, reserved 268288K
  class space    used 1589K, capacity 1676K, committed 1792K, reserved 253952K
}
Event: 6.064 GC heap before
{Heap before GC invocations=3 (full 0):
 garbage-first heap   total 118784K, used 51678K [0x00000000e0000000, 0x0000000100000000)
  region size 1024K, 44 young (45056K), 5 survivors (5120K)
 Metaspace       used 20704K, capacity 21202K, committed 21248K, reserved 272384K
  class space    used 2600K, capacity 2781K, committed 2816K, reserved 253952K
}
Event: 6.081 GC heap after
{Heap after GC invocations=4 (full 0):
 garbage-first heap   total 118784K, used 15346K [0x00000000e0000000, 0x0000000100000000)
  region size 1024K, 3 young (3072K), 3 survivors (3072K)
 Metaspace       used 20704K, capacity 21202K, committed 21248K, reserved 272384K
  class space    used 2600K, capacity 2781K, committed 2816K, reserved 253952K
}
Event: 8.043 GC heap before
{Heap before GC invocations=5 (full 0):
 garbage-first heap   total 118784K, used 70642K [0x00000000e0000000, 0x0000000100000000)
  region size 1024K, 49 young (50176K), 3 survivors (3072K)
 Metaspace       used 28234K, capacity 28860K, committed 29184K, reserved 280576K
  class space    used 3561K, capacity 3741K, committed 3840K, reserved 253952K
}
Event: 8.054 GC heap after
{Heap after GC invocations=6 (full 0):
 garbage-first heap   total 118784K, used 26806K [0x00000000e0000000, 0x0000000100000000)
  region size 1024K, 6 young (6144K), 6 survivors (6144K)
 Metaspace       used 28234K, capacity 28860K, committed 29184K, reserved 280576K
  class space    used 3561K, capacity 3741K, committed 3840K, reserved 253952K
}

